# JRE version: OpenJDK Runtime Environment (8.0_242-b01) (build 1.8.0_242-release-1644-b01)
# Java VM: OpenJDK 64-Bit Server VM (25.242-b01 mixed mode windows-amd64 compressed oops)
Heap:
 PSYoungGen      total 491008K, used 225628K [0x00000000d5580000, 0x0000000100000000, 0x0000000100000000)
  eden space 375808K, 35% used [0x00000000d5580000,0x00000000dd8be0b0,0x00000000ec480000)
  from space 115200K, 79% used [0x00000000f4880000,0x00000000fa199328,0x00000000fb900000)
  to   space 135168K, 0% used [0x00000000ec480000,0x00000000ec480000,0x00000000f4880000)
 ParOldGen       total 363520K, used 59815K [0x0000000080000000, 0x0000000096300000, 0x00000000d5580000)
  object space 363520K, 16% used [0x0000000080000000,0x0000000083a69e00,0x0000000096300000)
 Metaspace       used 125437K, capacity 134526K, committed 140712K, reserved 1171456K
  class space    used 15977K, capacity 17435K, committed 18600K, reserved 1048576K
GC Heap History (10 events):
Event: 14745.881 GC heap before
{Heap before GC invocations=60 (full 8):
 PSYoungGen      total 418304K, used 378555K [0x00000000d5580000, 0x00000000f6700000, 0x0000000100000000)
  eden space 328192K, 100% used [0x00000000d5580000,0x00000000e9600000,0x00000000e9600000)
  from space 90112K, 55% used [0x00000000e9600000,0x00000000ec72ef88,0x00000000eee00000)
  to   space 91136K, 0% used [0x00000000f0e00000,0x00000000f0e00000,0x00000000f6700000)
 ParOldGen       total 363520K, used 59799K [0x0000000080000000, 0x0000000096300000, 0x00000000d5580000)
  object space 363520K, 16% used [0x0000000080000000,0x0000000083a65e00,0x0000000096300000)
 Metaspace       used 125233K, capacity 134266K, committed 140712K, reserved 1171456K
  class space    used 15964K, capacity 17425K, committed 18600K, reserved 1048576K
Event: 14745.946 GC heap after
Heap after GC invocations=60 (full 8):
 PSYoungGen      total 438272K, used 84459K [0x00000000d5580000, 0x00000000f8c80000, 0x0000000100000000)
  eden space 347136K, 0% used [0x00000000d5580000,0x00000000d5580000,0x00000000ea880000)
  from space 91136K, 92% used [0x00000000f0e00000,0x00000000f607af58,0x00000000f6700000)
  to   space 103936K, 0% used [0x00000000ea880000,0x00000000ea880000,0x00000000f0e00000)
 ParOldGen       total 363520K, used 59807K [0x0000000080000000, 0x0000000096300000, 0x00000000d5580000)
  object space 363520K, 16% used [0x0000000080000000,0x0000000083a67e00,0x0000000096300000)
 Metaspace       used 125233K, capacity 134266K, committed 140712K, reserved 1171456K
  class space    used 15964K, capacity 17425K, committed 18600K, reserved 1048576K
}
Event: 14746.537 GC heap before
{Heap before GC invocations=61 (full 8):
 PSYoungGen      total 438272K, used 431595K [0x00000000d5580000, 0x00000000f8c80000, 0x0000000100000000)
  eden space 347136K, 100% used [0x00000000d5580000,0x00000000ea880000,0x00000000ea880000)
  from space 91136K, 92% used [0x00000000f0e00000,0x00000000f607af58,0x00000000f6700000)
  to   space 103936K, 0% used [0x00000000ea880000,0x00000000ea880000,0x00000000f0e00000)
 ParOldGen       total 363520K, used 59807K [0x0000000080000000, 0x0000000096300000, 0x00000000d5580000)
  object space 363520K, 16% used [0x0000000080000000,0x0000000083a67e00,0x0000000096300000)
 Metaspace       used 125342K, capacity 134434K, committed 140712K, reserved 1171456K
  class space    used 15974K, capacity 17433K, committed 18600K, reserved 1048576K
Event: 14746.622 GC heap after
Heap after GC invocations=61 (full 8):
 PSYoungGen      total 451072K, used 87332K [0x00000000d5580000, 0x00000000fb900000, 0x0000000100000000)
  eden space 347136K, 0% used [0x00000000d5580000,0x00000000d5580000,0x00000000ea880000)
  from space 103936K, 84% used [0x00000000ea880000,0x00000000efdc92c8,0x00000000f0e00000)
  to   space 115200K, 0% used [0x00000000f4880000,0x00000000f4880000,0x00000000fb900000)
 ParOldGen       total 363520K, used 59815K [0x0000000080000000, 0x0000000096300000, 0x00000000d5580000)
  object space 363520K, 16% used [0x0000000080000000,0x0000000083a69e00,0x0000000096300000)
 Metaspace       used 125342K, capacity 134434K, committed 140712K, reserved 1171456K
  class space    used 15974K, capacity 17433K, committed 18600K, reserved 1048576K
}
Event: 14747.176 GC heap before
{Heap before GC invocations=62 (full 8):
 PSYoungGen      total 451072K, used 434468K [0x00000000d5580000, 0x00000000fb900000, 0x0000000100000000)
  eden space 347136K, 100% used [0x00000000d5580000,0x00000000ea880000,0x00000000ea880000)
  from space 103936K, 84% used [0x00000000ea880000,0x00000000efdc92c8,0x00000000f0e00000)
  to   space 115200K, 0% used [0x00000000f4880000,0x00000000f4880000,0x00000000fb900000)
 ParOldGen       total 363520K, used 59815K [0x0000000080000000, 0x0000000096300000, 0x00000000d5580000)
  object space 363520K, 16% used [0x0000000080000000,0x0000000083a69e00,0x0000000096300000)
 Metaspace       used 125374K, capacity 134506K, committed 140712K, reserved 1171456K
  class space    used 15974K, capacity 17433K, committed 18600K, reserved 1048576K
Event: 14747.242 GC heap after
Heap after GC invocations=62 (full 8):
 PSYoungGen      total 505344K, used 78710K [0x00000000d5580000, 0x00000000fc580000, 0x0000000100000000)
  eden space 390144K, 0% used [0x00000000d5580000,0x00000000d5580000,0x00000000ed280000)
  from space 115200K, 68% used [0x00000000f4880000,0x00000000f955da98,0x00000000fb900000)
  to   space 120832K, 0% used [0x00000000ed280000,0x00000000ed280000,0x00000000f4880000)
 ParOldGen       total 363520K, used 59815K [0x0000000080000000, 0x0000000096300000, 0x00000000d5580000)
  object space 363520K, 16% used [0x0000000080000000,0x0000000083a69e00,0x0000000096300000)
 Metaspace       used 125374K, capacity 134506K, committed 140712K, reserved 1171456K
  class space    used 15974K, capacity 17433K, committed 18600K, reserved 1048576K
}
Event: 14747.735 GC heap before
{Heap before GC invocations=63 (full 8):
 PSYoungGen      total 505344K, used 468854K [0x00000000d5580000, 0x00000000fc580000, 0x0000000100000000)
  eden space 390144K, 100% used [0x00000000d5580000,0x00000000ed280000,0x00000000ed280000)
  from space 115200K, 68% used [0x00000000f4880000,0x00000000f955da98,0x00000000fb900000)
  to   space 120832K, 0% used [0x00000000ed280000,0x00000000ed280000,0x00000000f4880000)
 ParOldGen       total 363520K, used 59815K [0x0000000080000000, 0x0000000096300000, 0x00000000d5580000)
  object space 363520K, 16% used [0x0000000080000000,0x0000000083a69e00,0x0000000096300000)
 Metaspace       used 125401K, capacity 134516K, committed 140712K, reserved 1171456K
  class space    used 15975K, capacity 17434K, committed 18600K, reserved 1048576K
Event: 14747.819 GC heap after
Heap after GC invocations=63 (full 8):
 PSYoungGen      total 510976K, used 87003K [0x00000000d5580000, 0x00000000fc580000, 0x0000000100000000)
  eden space 390144K, 0% used [0x00000000d5580000,0x00000000d5580000,0x00000000ed280000)
  from space 120832K, 72% used [0x00000000ed280000,0x00000000f2776c28,0x00000000f4880000)
  to   space 115200K, 0% used [0x00000000f4880000,0x00000000f4880000,0x00000000fb900000)
 ParOldGen       total 363520K, used 59815K [0x0000000080000000, 0x0000000096300000, 0x00000000d5580000)
  object space 363520K, 16% used [0x0000000080000000,0x0000000083a69e00,0x0000000096300000)
 Metaspace       used 125401K, capacity 134516K, committed 140712K, reserved 1171456K
  class space    used 15975K, capacity 17434K, committed 18600K, reserved 1048576K
}
Event: 14748.395 GC heap before
{Heap before GC invocations=64 (full 8):
 PSYoungGen      total 510976K, used 477147K [0x00000000d5580000, 0x00000000fc580000, 0x0000000100000000)
  eden space 390144K, 100% used [0x00000000d5580000,0x00000000ed280000,0x00000000ed280000)
  from space 120832K, 72% used [0x00000000ed280000,0x00000000f2776c28,0x00000000f4880000)
  to   space 115200K, 0% used [0x00000000f4880000,0x00000000f4880000,0x00000000fb900000)
 ParOldGen       total 363520K, used 59815K [0x0000000080000000, 0x0000000096300000, 0x00000000d5580000)
  object space 363520K, 16% used [0x0000000080000000,0x0000000083a69e00,0x0000000096300000)
 Metaspace       used 125435K, capacity 134526K, committed 140712K, reserved 1171456K
  class space    used 15977K, capacity 17435K, committed 18600K, reserved 1048576K
Event: 14748.466 GC heap after
Heap after GC invocations=64 (full 8):
 PSYoungGen      total 491008K, used 91236K [0x00000000d5580000, 0x0000000100000000, 0x0000000100000000)
  eden space 375808K, 0% used [0x00000000d5580000,0x00000000d5580000,0x00000000ec480000)
  from space 115200K, 79% used [0x00000000f4880000,0x00000000fa199328,0x00000000fb900000)
  to   space 135168K, 0% used [0x00000000ec480000,0x00000000ec480000,0x00000000f4880000)
 ParOldGen       total 363520K, used 59815K [0x0000000080000000, 0x0000000096300000, 0x00000000d5580000)
  object space 363520K, 16% used [0x0000000080000000,0x0000000083a69e00,0x0000000096300000)
 Metaspace       used 125435K, capacity 134526K, committed 140712K, reserved 1171456K
  class space    used 15977K, capacity 17435K, committed 18600K, reserved 1048576K
}

